app/build/intermediates/manifest_merge_blame_file/debug/manifest-merger-blame-debug-report.txt
1<?xml version="1.0" encoding="utf-8"?>
2<manifest xmlns:android="http://schemas.android.com/apk/res/android"
3    package="com.example.appa"
4    android:versionCode="1"
5    android:versionName="1.0" >
6
7    <uses-sdk
8        android:minSdkVersion="22"
8-->src\main\AndroidManifest.xml
9        android:targetSdkVersion="29" />
9-->src\main\AndroidManifest.xml
10
11    <uses-permission android:name="android.permission.ACCESS_FINE_LOCATION" />
11-->src\main\AndroidManifest.xml:5:5-79
11-->src\main\AndroidManifest.xml:5:22-76
12    <uses-permission android:name="android.permission.ACCESS_COARSE_LOCATION" />
12-->[com.mapbox.mapboxsdk:mapbox-android-navigation:0.42.6] AndroidManifest.xml:9:5-81
12-->[com.mapbox.mapboxsdk:mapbox-android-navigation:0.42.6] AndroidManifest.xml:9:22-78
13    <uses-permission android:name="android.permission.FOREGROUND_SERVICE" />
13-->[com.mapbox.mapboxsdk:mapbox-android-navigation:0.42.6] AndroidManifest.xml:11:5-77
13-->[com.mapbox.mapboxsdk:mapbox-android-navigation:0.42.6] AndroidManifest.xml:11:22-74
14
15    <uses-feature
15-->[com.mapbox.mapboxsdk:mapbox-android-sdk:8.5.1] AndroidManifest.xml:9:5-11:35
16        android:glEsVersion="0x00020000"
16-->[com.mapbox.mapboxsdk:mapbox-android-sdk:8.5.1] AndroidManifest.xml:10:9-41
17        android:required="true" />
17-->[com.mapbox.mapboxsdk:mapbox-android-sdk:8.5.1] AndroidManifest.xml:11:9-32
18    <uses-feature
18-->[com.mapbox.mapboxsdk:mapbox-android-sdk:8.5.1] AndroidManifest.xml:12:5-14:36
19        android:name="android.hardware.wifi"
19-->[com.mapbox.mapboxsdk:mapbox-android-sdk:8.5.1] AndroidManifest.xml:13:9-45
20        android:required="false" /> <!-- Implied by ACCESS_WIFI_STATE. -->
20-->[com.mapbox.mapboxsdk:mapbox-android-sdk:8.5.1] AndroidManifest.xml:14:9-33
21    <uses-permission android:name="android.permission.INTERNET" />
21-->[com.mapbox.mapboxsdk:mapbox-android-sdk:8.5.1] AndroidManifest.xml:16:5-67
21-->[com.mapbox.mapboxsdk:mapbox-android-sdk:8.5.1] AndroidManifest.xml:16:22-64
22    <uses-permission android:name="android.permission.ACCESS_NETWORK_STATE" />
22-->[com.mapbox.mapboxsdk:mapbox-android-sdk:8.5.1] AndroidManifest.xml:17:5-79
22-->[com.mapbox.mapboxsdk:mapbox-android-sdk:8.5.1] AndroidManifest.xml:17:22-76
23    <uses-permission android:name="android.permission.ACCESS_WIFI_STATE" /> <!-- Required for CrashReporterJobIntentService on API levels below 25 -->
23-->[com.mapbox.mapboxsdk:mapbox-android-sdk:8.5.1] AndroidManifest.xml:18:5-76
23-->[com.mapbox.mapboxsdk:mapbox-android-sdk:8.5.1] AndroidManifest.xml:18:22-73
24    <uses-permission android:name="android.permission.WAKE_LOCK" />
24-->[com.mapbox.mapboxsdk:mapbox-android-telemetry:4.7.0] AndroidManifest.xml:12:5-68
24-->[com.mapbox.mapboxsdk:mapbox-android-telemetry:4.7.0] AndroidManifest.xml:12:22-65
25
26    <application
26-->src\main\AndroidManifest.xml:7:5-49:19
27        android:allowBackup="true"
27-->src\main\AndroidManifest.xml:8:9-35
28        android:appComponentFactory="androidx.core.app.CoreComponentFactory"
28-->[androidx.core:core:1.3.1] AndroidManifest.xml:24:18-86
29        android:debuggable="true"
30        android:icon="@mipmap/ic_launcher"
30-->src\main\AndroidManifest.xml:9:9-43
31        android:label="@string/app_name"
31-->src\main\AndroidManifest.xml:10:9-41
32        android:roundIcon="@mipmap/ic_launcher_round"
32-->src\main\AndroidManifest.xml:11:9-54
33        android:supportsRtl="true"
33-->src\main\AndroidManifest.xml:12:9-35
34        android:testOnly="true"
35        android:theme="@style/AppTheme" >
35-->src\main\AndroidManifest.xml:13:9-40
36        <activity
36-->src\main\AndroidManifest.xml:14:9-16:48
37            android:name="com.example.appa.ui.navigation.DirectionsActivity"
37-->src\main\AndroidManifest.xml:15:13-61
38            android:exported="true" />
38-->src\main\AndroidManifest.xml:16:13-36
39        <activity
39-->src\main\AndroidManifest.xml:17:9-24:20
40            android:name="com.example.appa.ui.navigation.MapWithNavActivity"
40-->src\main\AndroidManifest.xml:18:13-61
41            android:exported="true" >
41-->src\main\AndroidManifest.xml:19:13-36
42            <intent-filter>
42-->src\main\AndroidManifest.xml:20:13-23:29
43                <action android:name="android.intent.action.ACTION_VIEW" />
43-->src\main\AndroidManifest.xml:21:17-76
43-->src\main\AndroidManifest.xml:21:25-73
44
45                <category android:name="android.intent.category.DEFAULT" />
45-->src\main\AndroidManifest.xml:22:17-76
45-->src\main\AndroidManifest.xml:22:27-73
46            </intent-filter>
47        </activity>
48        <activity
48-->src\main\AndroidManifest.xml:25:9-27:61
49            android:name="com.example.appa.ui.BluetoothConnectAcitvity"
49-->src\main\AndroidManifest.xml:26:13-56
50            android:parentActivityName="com.example.appa.ui.MainActivity" />
50-->src\main\AndroidManifest.xml:27:13-58
51        <activity
51-->src\main\AndroidManifest.xml:28:9-31:61
52            android:name="com.example.appa.ui.MapActivity"
52-->src\main\AndroidManifest.xml:29:13-43
53            android:exported="true"
53-->src\main\AndroidManifest.xml:30:13-36
54            android:parentActivityName="com.example.appa.ui.MainActivity" />
54-->src\main\AndroidManifest.xml:31:13-58
55        <activity
55-->src\main\AndroidManifest.xml:32:9-40:20
56            android:name="com.example.appa.ui.MainActivity"
56-->src\main\AndroidManifest.xml:33:13-44
57            android:label="@string/app_name"
57-->src\main\AndroidManifest.xml:34:13-45
58            android:theme="@style/AppTheme.NoActionBar" >
58-->src\main\AndroidManifest.xml:35:13-56
59            <intent-filter>
59-->src\main\AndroidManifest.xml:36:13-39:29
60                <action android:name="android.intent.action.MAIN" />
60-->src\main\AndroidManifest.xml:37:17-69
60-->src\main\AndroidManifest.xml:37:25-66
61
62                <category android:name="android.intent.category.LAUNCHER" />
62-->src\main\AndroidManifest.xml:38:17-77
62-->src\main\AndroidManifest.xml:38:27-74
63            </intent-filter>
64        </activity>
65        <activity
65-->src\main\AndroidManifest.xml:41:9-46:59
66            android:name="com.example.appa.ui.navigationlist.NavigationListActivity"
66-->src\main\AndroidManifest.xml:42:13-69
67            android:exported="true"
67-->src\main\AndroidManifest.xml:43:13-36
68            android:label="@string/app_name"
68-->src\main\AndroidManifest.xml:44:13-45
69            android:parentActivityName="com.example.appa.ui.MainActivity"
69-->src\main\AndroidManifest.xml:45:13-58
70            android:theme="@style/AppTheme.NoActionBar" />
70-->src\main\AndroidManifest.xml:46:13-56
71        <activity android:name="com.mapbox.services.android.navigation.ui.v5.MapboxNavigationActivity" />
71-->[com.mapbox.mapboxsdk:mapbox-android-navigation-ui:0.42.6] AndroidManifest.xml:10:9-106
71-->[com.mapbox.mapboxsdk:mapbox-android-navigation-ui:0.42.6] AndroidManifest.xml:10:19-103
72
73        <service android:name="com.mapbox.services.android.navigation.v5.navigation.NavigationService" />
73-->[com.mapbox.mapboxsdk:mapbox-android-navigation:0.42.6] AndroidManifest.xml:14:9-106
73-->[com.mapbox.mapboxsdk:mapbox-android-navigation:0.42.6] AndroidManifest.xml:14:18-103
74        <service
74-->[androidx.room:room-runtime:2.2.5] AndroidManifest.xml:25:9-28:40
75            android:name="androidx.room.MultiInstanceInvalidationService"
75-->[androidx.room:room-runtime:2.2.5] AndroidManifest.xml:26:13-74
76            android:directBootAware="true"
76-->[androidx.room:room-runtime:2.2.5] AndroidManifest.xml:27:13-43
77            android:exported="false" />
77-->[androidx.room:room-runtime:2.2.5] AndroidManifest.xml:28:13-37
78
79        <provider
79-->[com.mapbox.mapboxsdk:mapbox-android-telemetry:4.7.0] AndroidManifest.xml:18:9-22:39
80            android:name="com.mapbox.android.telemetry.provider.MapboxTelemetryInitProvider"
80-->[com.mapbox.mapboxsdk:mapbox-android-telemetry:4.7.0] AndroidManifest.xml:19:13-93
81            android:authorities="com.example.appa.mapboxtelemetryinitprovider"
81-->[com.mapbox.mapboxsdk:mapbox-android-telemetry:4.7.0] AndroidManifest.xml:20:13-79
82            android:exported="false"
82-->[com.mapbox.mapboxsdk:mapbox-android-telemetry:4.7.0] AndroidManifest.xml:21:13-37
83            android:initOrder="100" />
83-->[com.mapbox.mapboxsdk:mapbox-android-telemetry:4.7.0] AndroidManifest.xml:22:13-36
84
85        <service
85-->[com.mapbox.mapboxsdk:mapbox-android-telemetry:4.7.0] AndroidManifest.xml:24:9-26:72
86            android:name="com.mapbox.android.telemetry.crash.CrashReporterJobIntentService"
86-->[com.mapbox.mapboxsdk:mapbox-android-telemetry:4.7.0] AndroidManifest.xml:25:13-92
87            android:permission="android.permission.BIND_JOB_SERVICE" />
87-->[com.mapbox.mapboxsdk:mapbox-android-telemetry:4.7.0] AndroidManifest.xml:26:13-69
88
89        <provider
89-->[com.squareup.picasso:picasso:2.71828] AndroidManifest.xml:8:9-11:40
90            android:name="com.squareup.picasso.PicassoProvider"
90-->[com.squareup.picasso:picasso:2.71828] AndroidManifest.xml:9:13-64
91            android:authorities="com.example.appa.com.squareup.picasso"
91-->[com.squareup.picasso:picasso:2.71828] AndroidManifest.xml:10:13-72
92            android:exported="false" />
92-->[com.squareup.picasso:picasso:2.71828] AndroidManifest.xml:11:13-37
93        <provider
93-->[androidx.lifecycle:lifecycle-process:2.2.0] AndroidManifest.xml:25:9-29:43
94            android:name="androidx.lifecycle.ProcessLifecycleOwnerInitializer"
94-->[androidx.lifecycle:lifecycle-process:2.2.0] AndroidManifest.xml:26:13-79
95            android:authorities="com.example.appa.lifecycle-process"
95-->[androidx.lifecycle:lifecycle-process:2.2.0] AndroidManifest.xml:27:13-69
96            android:exported="false"
96-->[androidx.lifecycle:lifecycle-process:2.2.0] AndroidManifest.xml:28:13-37
97            android:multiprocess="true" />
97-->[androidx.lifecycle:lifecycle-process:2.2.0] AndroidManifest.xml:29:13-40
98    </application>
99
100</manifest>